  main.cpp
E:\OpenGL\LearOpenGL1\LearOpenGL1\Mesh.h(76,1): warning C4267: “参数”: 从“size_t”转换到“GLsizei”，可能丢失数据
E:\OpenGL\LearOpenGL1\LearOpenGL1\Mesh.h(86,1): warning C4267: “参数”: 从“size_t”转换到“GLsizei”，可能丢失数据
E:\OpenGL\LearOpenGL1\LearOpenGL1\GeometryStudy.h(33,46): warning C4244: “参数”: 从“double”转换到“float”，可能丢失数据
E:\OpenGL\LearOpenGL1\LearOpenGL1\PlanetStrip.h(27,20): warning C4244: “参数”: 从“double”转换到“unsigned int”，可能丢失数据
E:\OpenGL\LearOpenGL1\LearOpenGL1\PlanetStrip.h(41,16): warning C4244: “初始化”: 从“double”转换到“float”，可能丢失数据
E:\OpenGL\LearOpenGL1\LearOpenGL1\PlanetStrip.h(45,19): warning C4244: “初始化”: 从“int”转换到“float”，可能丢失数据
E:\OpenGL\LearOpenGL1\LearOpenGL1\PlanetStrip.h(73,1): warning C4312: “类型强制转换”: 从“GLsizei”转换到更大的“void *”
E:\OpenGL\LearOpenGL1\LearOpenGL1\PlanetStrip.h(76,1): warning C4312: “类型强制转换”: 从“GLsizei”转换到更大的“void *”
E:\OpenGL\LearOpenGL1\LearOpenGL1\PlanetStrip.h(79,1): warning C4312: “类型强制转换”: 从“GLsizei”转换到更大的“void *”
E:\OpenGL\LearOpenGL1\LearOpenGL1\main.cpp(542,17): warning C4244: “初始化”: 从“double”转换到“float”，可能丢失数据
E:\OpenGL\LearOpenGL1\LearOpenGL1\main.cpp(545,21): warning C4244: “初始化”: 从“double”转换到“float”，可能丢失数据
E:\OpenGL\LearOpenGL1\LearOpenGL1\main.cpp(744,16): warning C4244: “=”: 从“double”转换到“float”，可能丢失数据
E:\OpenGL\LearOpenGL1\LearOpenGL1\main.cpp(745,16): warning C4244: “=”: 从“double”转换到“float”，可能丢失数据
E:\OpenGL\LearOpenGL1\LearOpenGL1\main.cpp(748,15): warning C4244: “初始化”: 从“double”转换到“float”，可能丢失数据
E:\OpenGL\LearOpenGL1\LearOpenGL1\main.cpp(749,15): warning C4244: “初始化”: 从“double”转换到“float”，可能丢失数据
E:\OpenGL\LearOpenGL1\LearOpenGL1\main.cpp(750,15): warning C4244: “=”: 从“double”转换到“float”，可能丢失数据
E:\OpenGL\LearOpenGL1\LearOpenGL1\main.cpp(751,15): warning C4244: “=”: 从“double”转换到“float”，可能丢失数据
E:\OpenGL\LearOpenGL1\LearOpenGL1\main.cpp(758,34): warning C4244: “参数”: 从“double”转换到“float”，可能丢失数据
  LearOpenGL1.vcxproj -> E:\OpenGL\LearOpenGL1\x64\Debug\LearOpenGL1.exe
